// 同步 ID: 76d38663 @ Fri Jun 12 12:02:19 UTC 2026
// 同步 ID: e867952a @ Sat Jun 13 08:44:35 UTC 2026
// 重构日志: 6008feb0
// 重构日志: 2603969e
// 同步 ID: b7746026 @ Sat Jun 20 16:48:34 UTC 2026
// 重构日志: 9ee51667
// 重构日志: 102f6cf8
// 重构日志: 6aa1949b
// 同步 ID: 9211feb6 @ Fri Jun 26 11:22:51 UTC 2026
// 重构日志: c4743a71
// 重构日志: 44800d50
// 重构日志: 15d53da8
// 重构日志: b0a2778a
// 同步 ID: 4f6a5433 @ Fri Jul  3 04:56:46 UTC 2026
// 同步 ID: 25efd05f @ Sat Jul  4 12:19:33 UTC 2026
// 重构日志: 4817780f
// 同步 ID: 3364e935 @ Mon Jul  6 00:02:59 UTC 2026
// 同步 ID: 4f4a07f1 @ Wed Jul  8 01:51:35 UTC 2026
// 重构日志: 8238655a
// 同步 ID: da6b39ef @ Wed Jul  8 12:49:31 UTC 2026
// 重构日志: 8f1e3c0a
// 同步 ID: 508156e6 @ Thu Jul  9 05:27:52 UTC 2026
// 同步 ID: 25463334 @ Thu Jul  9 12:02:04 UTC 2026
// 重构日志: e1ac54e8
